<?xml version="1.0" encoding="UTF-8"?>
<testng-results skipped="0" failed="0" ignored="0" total="1" passed="1">
  <reporter-output>
  </reporter-output>
  <suite name="Default suite" duration-ms="11225" started-at="2018-12-22T07:05:37Z" finished-at="2018-12-22T07:05:48Z">
    <groups>
    </groups>
    <test name="Default test" duration-ms="11225" started-at="2018-12-22T07:05:37Z" finished-at="2018-12-22T07:05:48Z">
      <class name="capturescreenshot.Ultimatix">
        <test-method status="PASS" signature="ultimatixlogin()[pri:0, instance:capturescreenshot.Ultimatix@62ee68d8]" name="ultimatixlogin" duration-ms="11198" started-at="2018-12-22T07:05:37Z" finished-at="2018-12-22T07:05:48Z">
          <reporter-output>
          </reporter-output>
        </test-method> <!-- ultimatixlogin -->
      </class> <!-- capturescreenshot.Ultimatix -->
    </test> <!-- Default test -->
  </suite> <!-- Default suite -->
</testng-results>
